#
# There is insufficient memory for the Java Runtime Environment to continue.
# Native memory allocation (malloc) failed to allocate 1077296 bytes for Chunk::new
# Possible reasons:
#   The system is out of physical RAM or swap space
#   The process is running with CompressedOops enabled, and the Java Heap may be blocking the growth of the native heap
# Possible solutions:
#   Reduce memory load on the system
#   Increase physical memory or swap space
#   Check if swap backing store is full
#   Decrease Java heap size (-Xmx/-Xms)
#   Decrease number of Java threads
#   Decrease Java thread stack sizes (-Xss)
#   Set larger code cache with -XX:ReservedCodeCacheSize=
#   JVM is running with Unscaled Compressed Oops mode in which the Java heap is
#     placed in the first 4GB address space. The Java Heap base address is the
#     maximum limit for the native heap growth. Please use -XX:HeapBaseMinAddress
#     to set the Java Heap base and to place the Java Heap above 4GB virtual address.
# This output file may be truncated or incomplete.
#
#  Out of Memory Error (allocation.cpp:390), pid=7260, tid=0x0000000000003238
#
# JRE version: Java(TM) SE Runtime Environment (8.0_201-b09) (build 1.8.0_201-b09)
# Java VM: Java HotSpot(TM) 64-Bit Server VM (25.201-b09 mixed mode windows-amd64 compressed oops)
# Failed to write core dump. Minidumps are not enabled by default on client versions of Windows
#

---------------  T H R E A D  ---------------

Current thread (0x0000000014398800):  JavaThread "C2 CompilerThread0" daemon [_thread_in_native, id=12856, stack(0x00000000159e0000,0x0000000015ae0000)]

Stack: [0x00000000159e0000,0x0000000015ae0000]
[error occurred during error reporting (printing stack bounds), id 0xc0000005]

Native frames: (J=compiled Java code, j=interpreted, Vv=VM code, C=native code)


Current CompileTask:
C2:   3487 1435   !   4       java.net.URLClassLoader$1::run (63 bytes)


---------------  P R O C E S S  ---------------

Java Threads: ( => current thread )
  0x00000000143aa000 JavaThread "Cache worker for journal cache (C:\Users\VTPN\.gradle\caches\journal-1)" [_thread_blocked, id=11724, stack(0x0000000018f30000,0x0000000019030000)]
  0x00000000143ad000 JavaThread "File lock request listener" [_thread_in_native, id=12044, stack(0x0000000018e30000,0x0000000018f30000)]
  0x00000000143ac000 JavaThread "Cache worker for file hash cache (C:\Users\VTPN\.gradle\caches\5.5\fileHashes)" [_thread_blocked, id=536, stack(0x0000000018d30000,0x0000000018e30000)]
  0x0000000017473000 JavaThread "Thread-9" [_thread_blocked, id=7068, stack(0x0000000018c30000,0x0000000018d30000)]
  0x000000001744d800 JavaThread "Stdin handler" [_thread_blocked, id=11532, stack(0x0000000018b30000,0x0000000018c30000)]
  0x0000000017450000 JavaThread "Asynchronous log dispatcher for DefaultDaemonConnection: socket connection from /127.0.0.1:64712 to /127.0.0.1:64713" [_thread_blocked, id=13148, stack(0x0000000018a30000,0x0000000018b30000)]
  0x0000000017470800 JavaThread "Daemon worker" [_thread_in_Java, id=10936, stack(0x0000000018930000,0x0000000018a30000)]
  0x000000001746f800 JavaThread "Cancel handler" [_thread_blocked, id=2524, stack(0x0000000018830000,0x0000000018930000)]
  0x000000001732e000 JavaThread "Handler for socket connection from /127.0.0.1:64712 to /127.0.0.1:64713" [_thread_in_native, id=8552, stack(0x0000000018530000,0x0000000018630000)]
  0x0000000017324800 JavaThread "Daemon" [_thread_blocked, id=12260, stack(0x0000000018430000,0x0000000018530000)]
  0x0000000017849000 JavaThread "Daemon periodic checks" [_thread_blocked, id=4776, stack(0x0000000018330000,0x0000000018430000)]
  0x0000000017846800 JavaThread "Incoming local TCP Connector on port 64712" [_thread_in_native, id=9988, stack(0x00000000180f0000,0x00000000181f0000)]
  0x000000001753a000 JavaThread "Daemon health stats" [_thread_blocked, id=1936, stack(0x0000000017ab0000,0x0000000017bb0000)]
  0x0000000015d14000 JavaThread "Service Thread" daemon [_thread_blocked, id=12284, stack(0x00000000160e0000,0x00000000161e0000)]
  0x00000000143aa800 JavaThread "C1 CompilerThread2" daemon [_thread_blocked, id=13096, stack(0x0000000015be0000,0x0000000015ce0000)]
  0x000000001439f000 JavaThread "C2 CompilerThread1" daemon [_thread_in_native, id=9552, stack(0x0000000015ae0000,0x0000000015be0000)]
=>0x0000000014398800 JavaThread "C2 CompilerThread0" daemon [_thread_in_native, id=12856, stack(0x00000000159e0000,0x0000000015ae0000)]
  0x0000000014397800 JavaThread "Attach Listener" daemon [_thread_blocked, id=11428, stack(0x00000000158e0000,0x00000000159e0000)]
  0x0000000014393800 JavaThread "Signal Dispatcher" daemon [_thread_blocked, id=3536, stack(0x00000000157e0000,0x00000000158e0000)]
  0x000000000301d000 JavaThread "Finalizer" daemon [_thread_blocked, id=12820, stack(0x00000000155e0000,0x00000000156e0000)]
  0x0000000003014800 JavaThread "Reference Handler" daemon [_thread_blocked, id=9796, stack(0x00000000154e0000,0x00000000155e0000)]
  0x0000000002d1e000 JavaThread "main" [_thread_blocked, id=11628, stack(0x0000000002e20000,0x0000000002f20000)]

Other Threads:
  0x0000000014357800 VMThread [stack: 0x00000000153e0000,0x00000000154e0000] [id=6116]
  0x0000000015d2d800 WatcherThread [stack: 0x00000000161e0000,0x00000000162e0000] [id=9880]

VM state:not at safepoint (normal execution)

VM Mutex/Monitor currently owned by a thread: None

heap address: 0x00000000e0000000, size: 512 MB, Compressed Oops mode: 32-bit
Narrow klass base: 0x0000000000000000, Narrow klass shift: 3
Compressed class space size: 1073741824 Address: 0x0000000100000000

Heap:
 PSYoungGen      total 76288K, used 19384K [0x00000000f5580000, 0x00000000faa80000, 0x0000000100000000)
  eden space 65536K, 15% used [0x00000000f5580000,0x00000000f5f3c988,0x00000000f9580000)
  from space 10752K, 87% used [0x00000000fa000000,0x00000000fa9318f8,0x00000000faa80000)
  to   space 10752K, 0% used [0x00000000f9580000,0x00000000f9580000,0x00000000fa000000)
 ParOldGen       total 175104K, used 16K [0x00000000e0000000, 0x00000000eab00000, 0x00000000f5580000)
  object space 175104K, 0% used [0x00000000e0000000,0x00000000e0004000,0x00000000eab00000)
 Metaspace       used 15812K, capacity 16236K, committed 16384K, reserved 1062912K
  class space    used 2318K, capacity 2456K, committed 2560K, reserved 1048576K

Card table byte_map: [0x00000000123e0000,0x00000000124f0000] byte_map_base: 0x0000000011ce0000

Marking Bits: (ParMarkBitMap*) 0x0000000077244ce0
 Begin Bits: [0x00000000128f0000, 0x00000000130f0000)
 End Bits:   [0x00000000130f0000, 0x00000000138f0000)

Polling page: 0x0000000001420000

CodeCache: size=245760Kb used=5234Kb max_used=5234Kb free=240525Kb
 bounds [0x0000000003020000, 0x0000000003540000, 0x0000000012020000]
 total_blobs=1886 nmethods=1495 adapters=303
 compilation: enabled

Compilation events (10 events):
Event: 3.446 Thread 0x00000000143aa800 1497       3       sun.misc.ProxyGenerator::dotToSlash (9 bytes)
Event: 3.446 Thread 0x00000000143aa800 nmethod 1497 0x0000000003539110 code [0x0000000003539280, 0x0000000003539488]
Event: 3.446 Thread 0x00000000143aa800 1499       3       sun.misc.ProxyGenerator$ConstantPool$IndirectEntry::write (61 bytes)
Event: 3.447 Thread 0x00000000143aa800 nmethod 1499 0x0000000003539550 code [0x0000000003539740, 0x000000000353a248]
Event: 3.447 Thread 0x00000000143aa800 1498       3       sun.misc.ProxyGenerator$ConstantPool$ValueEntry::write (190 bytes)
Event: 3.449 Thread 0x00000000143aa800 nmethod 1498 0x000000000353a610 code [0x000000000353aa00, 0x000000000353d4a8]
Event: 3.456 Thread 0x00000000143aa800 1500       3       org.gradle.internal.service.DefaultServiceRegistry$SingletonService::getService (18 bytes)
Event: 3.456 Thread 0x00000000143aa800 nmethod 1500 0x000000000353e190 code [0x000000000353e320, 0x000000000353e598]
Event: 3.456 Thread 0x00000000143aa800 1501       3       org.gradle.internal.service.DefaultServiceRegistry::access$1200 (6 bytes)
Event: 3.456 Thread 0x00000000143aa800 nmethod 1501 0x000000000353e690 code [0x000000000353e800, 0x000000000353e968]

GC Heap History (4 events):
Event: 1.534 GC heap before
{Heap before GC invocations=1 (full 0):
 PSYoungGen      total 76288K, used 65536K [0x00000000f5580000, 0x00000000faa80000, 0x0000000100000000)
  eden space 65536K, 100% used [0x00000000f5580000,0x00000000f9580000,0x00000000f9580000)
  from space 10752K, 0% used [0x00000000fa000000,0x00000000fa000000,0x00000000faa80000)
  to   space 10752K, 0% used [0x00000000f9580000,0x00000000f9580000,0x00000000fa000000)
 ParOldGen       total 175104K, used 0K [0x00000000e0000000, 0x00000000eab00000, 0x00000000f5580000)
  object space 175104K, 0% used [0x00000000e0000000,0x00000000e0000000,0x00000000eab00000)
 Metaspace       used 7550K, capacity 7814K, committed 8064K, reserved 1056768K
  class space    used 999K, capacity 1077K, committed 1152K, reserved 1048576K
Event: 1.545 GC heap after
Heap after GC invocations=1 (full 0):
 PSYoungGen      total 76288K, used 6256K [0x00000000f5580000, 0x00000000faa80000, 0x0000000100000000)
  eden space 65536K, 0% used [0x00000000f5580000,0x00000000f5580000,0x00000000f9580000)
  from space 10752K, 58% used [0x00000000f9580000,0x00000000f9b9c2f0,0x00000000fa000000)
  to   space 10752K, 0% used [0x00000000fa000000,0x00000000fa000000,0x00000000faa80000)
 ParOldGen       total 175104K, used 8K [0x00000000e0000000, 0x00000000eab00000, 0x00000000f5580000)
  object space 175104K, 0% used [0x00000000e0000000,0x00000000e0002000,0x00000000eab00000)
 Metaspace       used 7550K, capacity 7814K, committed 8064K, reserved 1056768K
  class space    used 999K, capacity 1077K, committed 1152K, reserved 1048576K
}
Event: 3.277 GC heap before
{Heap before GC invocations=2 (full 0):
 PSYoungGen      total 76288K, used 71792K [0x00000000f5580000, 0x00000000faa80000, 0x0000000100000000)
  eden space 65536K, 100% used [0x00000000f5580000,0x00000000f9580000,0x00000000f9580000)
  from space 10752K, 58% used [0x00000000f9580000,0x00000000f9b9c2f0,0x00000000fa000000)
  to   space 10752K, 0% used [0x00000000fa000000,0x00000000fa000000,0x00000000faa80000)
 ParOldGen       total 175104K, used 8K [0x00000000e0000000, 0x00000000eab00000, 0x00000000f5580000)
  object space 175104K, 0% used [0x00000000e0000000,0x00000000e0002000,0x00000000eab00000)
 Metaspace       used 14746K, capacity 15072K, committed 15360K, reserved 1062912K
  class space    used 2149K, capacity 2256K, committed 2304K, reserved 1048576K
Event: 3.290 GC heap after
Heap after GC invocations=2 (full 0):
 PSYoungGen      total 76288K, used 9414K [0x00000000f5580000, 0x00000000faa80000, 0x0000000100000000)
  eden space 65536K, 0% used [0x00000000f5580000,0x00000000f5580000,0x00000000f9580000)
  from space 10752K, 87% used [0x00000000fa000000,0x00000000fa9318f8,0x00000000faa80000)
  to   space 10752K, 0% used [0x00000000f9580000,0x00000000f9580000,0x00000000fa000000)
 ParOldGen       total 175104K, used 16K [0x00000000e0000000, 0x00000000eab00000, 0x00000000f5580000)
  object space 175104K, 0% used [0x00000000e0000000,0x00000000e0004000,0x00000000eab00000)
 Metaspace       used 14746K, capacity 15072K, committed 15360K, reserved 1062912K
  class space    used 2149K, capacity 2256K, committed 2304K, reserved 1048576K
}

Deoptimization events (10 events):
Event: 2.723 Thread 0x0000000017470800 Uncommon trap: reason=bimorphic action=maybe_recompile pc=0x000000000329b9b0 method=java.util.HashMap.putVal(ILjava/lang/Object;Ljava/lang/Object;ZZ)Ljava/lang/Object; @ 253
Event: 2.723 Thread 0x0000000017470800 Uncommon trap: reason=class_check action=maybe_recompile pc=0x000000000329c358 method=java.util.HashMap.putVal(ILjava/lang/Object;Ljava/lang/Object;ZZ)Ljava/lang/Object; @ 203
Event: 2.723 Thread 0x0000000017470800 Uncommon trap: reason=class_check action=maybe_recompile pc=0x000000000329c358 method=java.util.HashMap.putVal(ILjava/lang/Object;Ljava/lang/Object;ZZ)Ljava/lang/Object; @ 203
Event: 2.723 Thread 0x0000000017470800 Uncommon trap: reason=bimorphic action=maybe_recompile pc=0x000000000329b9b0 method=java.util.HashMap.putVal(ILjava/lang/Object;Ljava/lang/Object;ZZ)Ljava/lang/Object; @ 253
Event: 2.723 Thread 0x0000000017470800 Uncommon trap: reason=bimorphic action=maybe_recompile pc=0x000000000329b9b0 method=java.util.HashMap.putVal(ILjava/lang/Object;Ljava/lang/Object;ZZ)Ljava/lang/Object; @ 253
Event: 2.958 Thread 0x0000000017470800 Uncommon trap: reason=class_check action=maybe_recompile pc=0x00000000032e6358 method=java.util.regex.Matcher.match(II)Z @ 86
Event: 2.976 Thread 0x0000000017470800 Uncommon trap: reason=class_check action=maybe_recompile pc=0x00000000032e6358 method=java.util.regex.Matcher.match(II)Z @ 86
Event: 2.977 Thread 0x0000000017470800 Uncommon trap: reason=class_check action=maybe_recompile pc=0x00000000032e6358 method=java.util.regex.Matcher.match(II)Z @ 86
Event: 2.977 Thread 0x0000000017470800 Uncommon trap: reason=class_check action=maybe_recompile pc=0x00000000032ace9c method=java.util.regex.Matcher.match(II)Z @ 86
Event: 3.378 Thread 0x0000000017470800 Uncommon trap: reason=unstable_if action=reinterpret pc=0x00000000033df0b4 method=java.lang.String.lastIndexOf([CII[CIII)I @ 66

Classes redefined (0 events):
No events

Internal exceptions (10 events):
Event: 2.652 Thread 0x000000001732e000 Exception <a 'java/lang/NoSuchMethodError': <clinit>> (0x00000000f68cef90) thrown at [C:\re\workspace\8-2-build-windows-amd64-cygwin\jdk8u201\12322\hotspot\src\share\vm\prims\jni.cpp, line 1613]
Event: 2.656 Thread 0x000000001732e000 Exception <a 'java/lang/NoSuchMethodError': <clinit>> (0x00000000f68e2390) thrown at [C:\re\workspace\8-2-build-windows-amd64-cygwin\jdk8u201\12322\hotspot\src\share\vm\prims\jni.cpp, line 1613]
Event: 2.660 Thread 0x000000001732e000 Exception <a 'java/lang/NoSuchMethodError': <clinit>> (0x00000000f69096e8) thrown at [C:\re\workspace\8-2-build-windows-amd64-cygwin\jdk8u201\12322\hotspot\src\share\vm\prims\jni.cpp, line 1613]
Event: 2.662 Thread 0x000000001732e000 Exception <a 'java/lang/NoSuchMethodError': <clinit>> (0x00000000f6921978) thrown at [C:\re\workspace\8-2-build-windows-amd64-cygwin\jdk8u201\12322\hotspot\src\share\vm\prims\jni.cpp, line 1613]
Event: 2.663 Thread 0x000000001732e000 Exception <a 'java/lang/NoSuchMethodError': <clinit>> (0x00000000f692a608) thrown at [C:\re\workspace\8-2-build-windows-amd64-cygwin\jdk8u201\12322\hotspot\src\share\vm\prims\jni.cpp, line 1613]
Event: 2.665 Thread 0x000000001732e000 Exception <a 'java/lang/NoSuchMethodError': <clinit>> (0x00000000f6940898) thrown at [C:\re\workspace\8-2-build-windows-amd64-cygwin\jdk8u201\12322\hotspot\src\share\vm\prims\jni.cpp, line 1613]
Event: 2.675 Thread 0x000000001732e000 Exception <a 'java/lang/NoSuchMethodError': <clinit>> (0x00000000f699e348) thrown at [C:\re\workspace\8-2-build-windows-amd64-cygwin\jdk8u201\12322\hotspot\src\share\vm\prims\jni.cpp, line 1613]
Event: 2.679 Thread 0x000000001732e000 Exception <a 'java/lang/NoSuchMethodError': <clinit>> (0x00000000f69cb420) thrown at [C:\re\workspace\8-2-build-windows-amd64-cygwin\jdk8u201\12322\hotspot\src\share\vm\prims\jni.cpp, line 1613]
Event: 2.686 Thread 0x000000001732e000 Exception <a 'java/lang/NoSuchMethodError': <clinit>> (0x00000000f69f8888) thrown at [C:\re\workspace\8-2-build-windows-amd64-cygwin\jdk8u201\12322\hotspot\src\share\vm\prims\jni.cpp, line 1613]
Event: 2.687 Thread 0x000000001732e000 Exception <a 'java/lang/NoSuchMethodError': <clinit>> (0x00000000f6a03b88) thrown at [C:\re\workspace\8-2-build-windows-amd64-cygwin\jdk8u201\12322\hotspot\src\share\vm\prims\jni.cpp, line 1613]

Events (10 events):
Event: 3.476 loading class org/gradle/initialization/DefaultClassLoaderScopeRegistry
Event: 3.476 loading class org/gradle/initialization/DefaultClassLoaderScopeRegistry done
Event: 3.476 loading class org/gradle/api/internal/initialization/ClassLoaderScope
Event: 3.476 loading class org/gradle/api/internal/initialization/ClassLoaderScope done
Event: 3.477 loading class org/gradle/api/internal/initialization/RootClassLoaderScope
Event: 3.477 loading class org/gradle/api/internal/initialization/RootClassLoaderScope done
Event: 3.477 loading class org/gradle/api/internal/initialization/AbstractClassLoaderScope
Event: 3.477 loading class org/gradle/api/internal/initialization/AbstractClassLoaderScope done
Event: 3.478 loading class org/gradle/api/internal/initialization/ClassLoaderScopeIdentifier
Event: 3.478 loading class org/gradle/api/internal/initialization/ClassLoaderScopeIdentifier done


Dynamic libraries:
0x00007ff719870000 - 0x00007ff7198a7000 	C:\Program Files\Java\jdk1.8.0_201\bin\java.exe
0x00007fff207e0000 - 0x00007fff209d0000 	C:\WINDOWS\SYSTEM32\ntdll.dll
0x00007fff0bcf0000 - 0x00007fff0bd04000 	C:\Program Files\AVAST Software\Avast\aswhook.dll
0x00007fff1ef20000 - 0x00007fff1efd2000 	C:\WINDOWS\System32\KERNEL32.DLL
0x00007fff1d850000 - 0x00007fff1daf3000 	C:\WINDOWS\System32\KERNELBASE.dll
0x00007fff1e970000 - 0x00007fff1ea13000 	C:\WINDOWS\System32\ADVAPI32.dll
0x00007fff202a0000 - 0x00007fff2033e000 	C:\WINDOWS\System32\msvcrt.dll
0x00007fff1f2b0000 - 0x00007fff1f347000 	C:\WINDOWS\System32\sechost.dll
0x00007fff20680000 - 0x00007fff207a0000 	C:\WINDOWS\System32\RPCRT4.dll
0x00007fff20340000 - 0x00007fff204d4000 	C:\WINDOWS\System32\USER32.dll
0x00007fff1e620000 - 0x00007fff1e641000 	C:\WINDOWS\System32\win32u.dll
0x00007fff1f530000 - 0x00007fff1f556000 	C:\WINDOWS\System32\GDI32.dll
0x00007fff1e680000 - 0x00007fff1e814000 	C:\WINDOWS\System32\gdi32full.dll
0x00007fff1e4e0000 - 0x00007fff1e57e000 	C:\WINDOWS\System32\msvcp_win.dll
0x00007fff1dbb0000 - 0x00007fff1dcaa000 	C:\WINDOWS\System32\ucrtbase.dll
0x00007fff0ee60000 - 0x00007fff0f0e5000 	C:\WINDOWS\WinSxS\amd64_microsoft.windows.common-controls_6595b64144ccf1df_6.0.18362.476_none_e6c4b11b130f2595\COMCTL32.dll
0x00007fff1ff60000 - 0x00007fff20296000 	C:\WINDOWS\System32\combase.dll
0x00007fff1e5a0000 - 0x00007fff1e620000 	C:\WINDOWS\System32\bcryptPrimitives.dll
0x00007fff1f350000 - 0x00007fff1f37e000 	C:\WINDOWS\System32\IMM32.DLL
0x0000000050e60000 - 0x0000000050f31000 	C:\Program Files\Java\jdk1.8.0_201\jre\bin\msvcr100.dll
0x0000000076a20000 - 0x00000000772c4000 	C:\Program Files\Java\jdk1.8.0_201\jre\bin\server\jvm.dll
0x00007fff1f2a0000 - 0x00007fff1f2a8000 	C:\WINDOWS\System32\PSAPI.DLL
0x00007fff1c290000 - 0x00007fff1c299000 	C:\WINDOWS\SYSTEM32\WSOCK32.dll
0x00007fff1ea40000 - 0x00007fff1eaaf000 	C:\WINDOWS\System32\WS2_32.dll
0x00007fff1b3f0000 - 0x00007fff1b414000 	C:\WINDOWS\SYSTEM32\WINMM.dll
0x00007fff13f60000 - 0x00007fff13f6a000 	C:\WINDOWS\SYSTEM32\VERSION.dll
0x00007fff1b3c0000 - 0x00007fff1b3ed000 	C:\WINDOWS\SYSTEM32\WINMMBASE.dll
0x00007fff1db60000 - 0x00007fff1dbaa000 	C:\WINDOWS\System32\cfgmgr32.dll
0x00007fff10a40000 - 0x00007fff10a4f000 	C:\Program Files\Java\jdk1.8.0_201\jre\bin\verify.dll
0x00007ffeeefc0000 - 0x00007ffeeefe9000 	C:\Program Files\Java\jdk1.8.0_201\jre\bin\java.dll
0x00007ffef4770000 - 0x00007ffef4786000 	C:\Program Files\Java\jdk1.8.0_201\jre\bin\zip.dll
0x00007fff1f730000 - 0x00007fff1fe15000 	C:\WINDOWS\System32\SHELL32.dll
0x00007fff1efe0000 - 0x00007fff1f089000 	C:\WINDOWS\System32\shcore.dll
0x00007fff1dcb0000 - 0x00007fff1e42e000 	C:\WINDOWS\System32\windows.storage.dll
0x00007fff1d830000 - 0x00007fff1d84f000 	C:\WINDOWS\System32\profapi.dll
0x00007fff1d7c0000 - 0x00007fff1d80a000 	C:\WINDOWS\System32\powrprof.dll
0x00007fff1d790000 - 0x00007fff1d7a0000 	C:\WINDOWS\System32\UMPDC.dll
0x00007fff204e0000 - 0x00007fff20532000 	C:\WINDOWS\System32\shlwapi.dll
0x00007fff1d7a0000 - 0x00007fff1d7b1000 	C:\WINDOWS\System32\kernel.appcore.dll
0x00007fff1e580000 - 0x00007fff1e597000 	C:\WINDOWS\System32\cryptsp.dll
0x00007ffef0cf0000 - 0x00007ffef0d0a000 	C:\Program Files\Java\jdk1.8.0_201\jre\bin\net.dll
0x00007fff10c60000 - 0x00007fff10e36000 	C:\WINDOWS\SYSTEM32\urlmon.dll
0x00007fff11150000 - 0x00007fff113f6000 	C:\WINDOWS\SYSTEM32\iertutil.dll
0x00007fff1d170000 - 0x00007fff1d17c000 	C:\WINDOWS\SYSTEM32\CRYPTBASE.DLL
0x00007fff1cfa0000 - 0x00007fff1d007000 	C:\WINDOWS\system32\mswsock.dll
0x00007ffef0bb0000 - 0x00007ffef0bc1000 	C:\Program Files\Java\jdk1.8.0_201\jre\bin\nio.dll
0x00007ffef0bd0000 - 0x00007ffef0bf6000 	C:\Users\VTPN\.gradle\native\29\windows-amd64\native-platform.dll
0x00007fff0f4c0000 - 0x00007fff0f4cd000 	C:\Program Files\Java\jdk1.8.0_201\jre\bin\management.dll
0x00007fff1cb10000 - 0x00007fff1cb43000 	C:\WINDOWS\system32\rsaenh.dll
0x00007fff1e650000 - 0x00007fff1e676000 	C:\WINDOWS\System32\bcrypt.dll
0x00007fff1d680000 - 0x00007fff1d6a5000 	C:\WINDOWS\SYSTEM32\USERENV.dll
0x00007fff1ccb0000 - 0x00007fff1ccea000 	C:\WINDOWS\SYSTEM32\IPHLPAPI.DLL
0x00007fff1f1e0000 - 0x00007fff1f1e8000 	C:\WINDOWS\System32\NSI.dll
0x00007fff138d0000 - 0x00007fff138e6000 	C:\WINDOWS\SYSTEM32\dhcpcsvc6.DLL
0x00007fff13bb0000 - 0x00007fff13bcc000 	C:\WINDOWS\SYSTEM32\dhcpcsvc.DLL
0x00007fff1ccf0000 - 0x00007fff1cdba000 	C:\WINDOWS\SYSTEM32\DNSAPI.dll

VM Arguments:
jvm_args: -XX:MaxMetaspaceSize=256m -XX:+HeapDumpOnOutOfMemoryError -Xms256m -Xmx512m -Dfile.encoding=utf8 -Duser.country=US -Duser.language=en -Duser.variant 
java_command: org.gradle.launcher.daemon.bootstrap.GradleDaemon 5.5
java_class_path (initial): C:\Users\VTPN\.gradle\wrapper\dists\gradle-5.5-all\byeise1led9a3w3p149d02kfj\gradle-5.5\lib\gradle-launcher-5.5.jar
Launcher Type: SUN_STANDARD

Environment Variables:
PATH=C:\Program Files (x86)\Common Files\Oracle\Java\javapath;C:\WINDOWS\system32;C:\WINDOWS;C:\WINDOWS\System32\Wbem;C:\WINDOWS\System32\WindowsPowerShell\v1.0\;C:\Program Files (x86)\Intel\Intel(R) Management Engine Components\DAL;C:\Program Files\Intel\Intel(R) Management Engine Components\DAL;C:\Program Files\Intel\WiFi\bin\;C:\Program Files\Common Files\Intel\WirelessCommon\;C:\Program Files\nodejs\;C:\Program Files\Git\cmd;C:\WINDOWS\System32\OpenSSH\;C:\Program Files\Intel\WiFi\bin\;C:\Program Files\Common Files\Intel\WirelessCommon\;C:\Users\VTPN\AppData\Local\Programs\Microsoft VS Code\bin;C:\Users\VTPN\AppData\Roaming\npm;C:\Users\VTPN\AppData\Local\Microsoft\WindowsApps
USERNAME=VTPN
OS=Windows_NT
PROCESSOR_IDENTIFIER=Intel64 Family 6 Model 78 Stepping 3, GenuineIntel



---------------  S Y S T E M  ---------------

OS: Windows 10.0 , 64 bit Build 18362 (10.0.18362.329)

CPU:total 4 (initial active 4) (2 cores per cpu, 2 threads per core) family 6 model 78 stepping 3, cmov, cx8, fxsr, mmx, sse, sse2, sse3, ssse3, sse4.1, sse4.2, popcnt, avx, avx2, aes, clmul, erms, rtm, 3dnowpref, lzcnt, ht, tsc, tscinvbit, bmi1, bmi2, adx

Memory: 4k page, physical 8054756k(1072692k free), swap 27125208k(5888k free)

vm_info: Java HotSpot(TM) 64-Bit Server VM (25.201-b09) for windows-amd64 JRE (1.8.0_201-b09), built on Dec 15 2018 18:36:39 by "java_re" with MS VC++ 10.0 (VS2010)

time: Wed Nov 27 17:37:58 2019
timezone: SE Asia Standard Time
elapsed time: 3 seconds (0d 0h 0m 3s)

